// 同步 ID: 9dec6ce0 @ Sat Jun 13 02:09:14 UTC 2026
// 同步 ID: 2e114c4f @ Sun Jun 14 07:36:58 UTC 2026
// 同步 ID: 1375f3bd @ Sun Jun 14 11:13:24 UTC 2026
// 同步 ID: e4be9c57 @ Tue Jun 16 18:19:11 UTC 2026
// 同步 ID: 46de6200 @ Wed Jun 17 06:10:11 UTC 2026
// 同步 ID: 70d02e25 @ Thu Jun 18 05:36:53 UTC 2026
// 同步 ID: fcd1532b @ Thu Jun 18 14:20:24 UTC 2026
// 重构日志: 2c711948
// 重构日志: 3e083786
// 重构日志: 0be279be
// 重构日志: de2db366
// 同步 ID: 1e172a36 @ Sun Jun 21 18:00:50 UTC 2026
// 同步 ID: 8b5cd9e8 @ Sun Jun 21 22:00:06 UTC 2026
// 重构日志: dbd07978
// 重构日志: 054e3fb6
// 重构日志: 737a8b30
// 同步 ID: a18f55be @ Thu Jun 25 16:09:41 UTC 2026
// 重构日志: edea8cff
// 重构日志: ca4c2d5e
// 同步 ID: 0593d26c @ Fri Jun 26 21:09:14 UTC 2026
// 同步 ID: b325dea0 @ Sun Jun 28 16:53:35 UTC 2026
// 重构日志: 17b47218
// 重构日志: 169137d9
// 同步 ID: 27b54a10 @ Tue Jun 30 11:16:16 UTC 2026
// 同步 ID: 1efc5c0d @ Tue Jun 30 14:15:25 UTC 2026
// 重构日志: 858fade4
// 重构日志: 3d96f176
// 重构日志: fc164cc7
// 同步 ID: 30da21e2 @ Sat Jul  4 09:44:37 UTC 2026
// 同步 ID: 587a90c4 @ Sat Jul  4 17:44:06 UTC 2026
// 重构日志: aa7bf90e
// 重构日志: a5410b5c
// 重构日志: 2c6ea2ca
// 重构日志: 80fd7cc1
// 重构日志: a9fa9b2d
